<?xml version="1.0" encoding="UTF-8"?>
<testsuite xmlns:xsi="http://www.w3.org/2001/XMLSchema-instance" xsi:noNamespaceSchemaLocation="https://maven.apache.org/surefire/maven-surefire-plugin/xsd/surefire-test-report.xsd" name="runners.TestRunner" time="269.909" tests="6" errors="1" skipped="0" failures="0">
  <properties>
[...]
</properties>
  <testcase name="Conversion rate acceptance #1" classname="Currency conversion" time="50.446"/>
  <testcase name="Conversion rate acceptance #2" classname="Currency conversion" time="47.302"/>
  <testcase name="Conversion rate acceptance #3" classname="Currency conversion" time="46.562"/>
  <testcase name="Conversion rate acceptance #4" classname="Currency conversion" time="45.812"/>
  <testcase name="Conversion rate acceptance #5" classname="Currency conversion" time="45.107"/>
  <testcase name="Conversion rate acceptance #6" classname="Currency conversion" time="32.938">
    <error message="element click intercepted: Element &lt;button type=&quot;submit&quot; class=&quot;button__BaseButton-sc-1qpsalo-0 haxDZm&quot; disabled=&quot;&quot;&gt;...&lt;/button&gt; is not clickable at point (1235, 563). Other element would receive the click: &lt;div class=&quot;currency-converter__SubmitZone-zieln1-3 eIzYlj&quot;&gt;...&lt;/div&gt;&#10;  (Session info: chrome=101.0.4951.67)&#10;Build info: version: &apos;3.141.59&apos;, revision: &apos;e82be7d358&apos;, time: &apos;2018-11-14T08:17:03&apos;&#10;System info: host: &apos;TN-DUB-LAP-016&apos;, ip: &apos;192.168.56.1&apos;, os.name: &apos;Windows 10&apos;, os.arch: &apos;amd64&apos;, os.version: &apos;10.0&apos;, java.version: &apos;1.8.0_292&apos;&#10;Driver info: org.openqa.selenium.chrome.ChromeDriver&#10;Capabilities {acceptInsecureCerts: false, browserName: chrome, browserVersion: 101.0.4951.67, chrome: {chromedriverVersion: 101.0.4951.41 (93c720db8323..., userDataDir: C:\Users\ANANDE~1\AppData\L...}, goog:chromeOptions: {debuggerAddress: localhost:56910}, javascriptEnabled: true, networkConnectionEnabled: false, pageLoadStrategy: normal, platform: WINDOWS, platformName: WINDOWS, proxy: Proxy(), setWindowRect: true, strictFileInteractability: false, timeouts: {implicit: 0, pageLoad: 300000, script: 30000}, unhandledPromptBehavior: dismiss and notify, webauthn:extension:credBlob: true, webauthn:extension:largeBlob: true, webauthn:virtualAuthenticators: true}&#10;Session ID: d2e8a4bef7234e901bf9db4576f33c91" type="org.openqa.selenium.ElementClickInterceptedException"><![CDATA[org.openqa.selenium.ElementClickInterceptedException: 
element click intercepted: Element <button type="submit" class="button__BaseButton-sc-1qpsalo-0 haxDZm" disabled="">...</button> is not clickable at point (1235, 563). Other element would receive the click: <div class="currency-converter__SubmitZone-zieln1-3 eIzYlj">...</div>
  (Session info: chrome=101.0.4951.67)
Build info: version: '3.141.59', revision: 'e82be7d358', time: '2018-11-14T08:17:03'
System info: host: 'TN-DUB-LAP-016', ip: '192.168.56.1', os.name: 'Windows 10', os.arch: 'amd64', os.version: '10.0', java.version: '1.8.0_292'
Driver info: org.openqa.selenium.chrome.ChromeDriver
Capabilities {acceptInsecureCerts: false, browserName: chrome, browserVersion: 101.0.4951.67, chrome: {chromedriverVersion: 101.0.4951.41 (93c720db8323..., userDataDir: C:\Users\ANANDE~1\AppData\L...}, goog:chromeOptions: {debuggerAddress: localhost:56910}, javascriptEnabled: true, networkConnectionEnabled: false, pageLoadStrategy: normal, platform: WINDOWS, platformName: WINDOWS, proxy: Proxy(), setWindowRect: true, strictFileInteractability: false, timeouts: {implicit: 0, pageLoad: 300000, script: 30000}, unhandledPromptBehavior: dismiss and notify, webauthn:extension:credBlob: true, webauthn:extension:largeBlob: true, webauthn:virtualAuthenticators: true}
Session ID: d2e8a4bef7234e901bf9db4576f33c91
]]></error>
    <system-err><![CDATA[Starting ChromeDriver 101.0.4951.41 (93c720db8323b3ec10d056025ab95c23a31997c9-refs/branch-heads/4951@{#904}) on port 8682
Only local connections are allowed.
Please see https://chromedriver.chromium.org/security-considerations for suggestions on keeping ChromeDriver safe.
ChromeDriver was started successfully.
Jun 12, 2022 11:27:08 PM org.openqa.selenium.remote.ProtocolHandshake createSession
INFO: Detected dialect: W3C
]]></system-err>
  </testcase>
</testsuite>